# JRE version: Java(TM) SE Runtime Environment (21.0.4+8) (build 21.0.4+8-LTS-274)
# Java VM: Java HotSpot(TM) 64-Bit Server VM (21.0.4+8-LTS-274, mixed mode, sharing, tiered, compressed oops, compressed class ptrs, g1 gc, windows-amd64)
GC Precious Log:
 CardTable entry size: 512
 Card Set container configuration: InlinePtr #cards 5 size 8 Array Of Cards #cards 12 size 40 Howl #buckets 4 coarsen threshold 1843 Howl Bitmap #cards 512 size 80 coarsen threshold 460 Card regions per heap region 1 cards per card region 2048
 CPUs: 8 total, 8 available
 Memory: 6060M
 Large Page Support: Disabled
 NUMA Support: Disabled
 Compressed Oops: Enabled (32-bit)
 Heap Region Size: 1M
 Heap Min Capacity: 8M
 Heap Initial Capacity: 96M
 Heap Max Capacity: 1516M
 Pre-touch: Disabled
 Parallel Workers: 8
 Concurrent Workers: 2
 Concurrent Refinement Workers: 8
 Periodic GC: Disabled
Heap:
 garbage-first heap   total 65536K, used 52019K [0x00000000a1400000, 0x0000000100000000)
  region size 1024K, 22 young (22528K), 2 survivors (2048K)
 Metaspace       used 76448K, committed 77248K, reserved 1179648K
  class space    used 10389K, committed 10752K, reserved 1048576K
GC Heap History (20 events):
Event: 634.543 GC heap after
{Heap after GC invocations=25 (full 0):
 garbage-first heap   total 63488K, used 36131K [0x00000000a1400000, 0x0000000100000000)
  region size 1024K, 2 young (2048K), 2 survivors (2048K)
 Metaspace       used 76275K, committed 76992K, reserved 1179648K
  class space    used 10427K, committed 10752K, reserved 1048576K
}
Event: 858.129 GC heap before
{Heap before GC invocations=26 (full 0):
 garbage-first heap   total 65536K, used 55587K [0x00000000a1400000, 0x0000000100000000)
  region size 1024K, 21 young (21504K), 2 survivors (2048K)
 Metaspace       used 76305K, committed 77056K, reserved 1179648K
  class space    used 10427K, committed 10752K, reserved 1048576K
}
Event: 858.144 GC heap after
{Heap after GC invocations=27 (full 0):
 garbage-first heap   total 65536K, used 36165K [0x00000000a1400000, 0x0000000100000000)
  region size 1024K, 2 young (2048K), 2 survivors (2048K)
 Metaspace       used 76305K, committed 77056K, reserved 1179648K
  class space    used 10427K, committed 10752K, reserved 1048576K
}
Event: 1103.411 GC heap before
{Heap before GC invocations=27 (full 0):
 garbage-first heap   total 65536K, used 57669K [0x00000000a1400000, 0x0000000100000000)
  region size 1024K, 23 young (23552K), 2 survivors (2048K)
 Metaspace       used 76331K, committed 77056K, reserved 1179648K
  class space    used 10427K, committed 10752K, reserved 1048576K
}
Event: 1103.472 GC heap after
{Heap after GC invocations=28 (full 0):
 garbage-first heap   total 65536K, used 35745K [0x00000000a1400000, 0x0000000100000000)
  region size 1024K, 2 young (2048K), 2 survivors (2048K)
 Metaspace       used 76331K, committed 77056K, reserved 1179648K
  class space    used 10427K, committed 10752K, reserved 1048576K
}
Event: 1361.610 GC heap before
{Heap before GC invocations=28 (full 0):
 garbage-first heap   total 65536K, used 58273K [0x00000000a1400000, 0x0000000100000000)
  region size 1024K, 24 young (24576K), 2 survivors (2048K)
 Metaspace       used 76358K, committed 77120K, reserved 1179648K
  class space    used 10427K, committed 10752K, reserved 1048576K
}
Event: 1361.661 GC heap after
{Heap after GC invocations=29 (full 0):
 garbage-first heap   total 65536K, used 35760K [0x00000000a1400000, 0x0000000100000000)
  region size 1024K, 2 young (2048K), 2 survivors (2048K)
 Metaspace       used 76358K, committed 77120K, reserved 1179648K
  class space    used 10427K, committed 10752K, reserved 1048576K
}
Event: 1620.382 GC heap before
{Heap before GC invocations=30 (full 0):
 garbage-first heap   total 65536K, used 58288K [0x00000000a1400000, 0x0000000100000000)
  region size 1024K, 24 young (24576K), 2 survivors (2048K)
 Metaspace       used 76358K, committed 77120K, reserved 1179648K
  class space    used 10427K, committed 10752K, reserved 1048576K
}
Event: 1620.481 GC heap after
{Heap after GC invocations=31 (full 0):
 garbage-first heap   total 65536K, used 35824K [0x00000000a1400000, 0x0000000100000000)
  region size 1024K, 2 young (2048K), 2 survivors (2048K)
 Metaspace       used 76358K, committed 77120K, reserved 1179648K
  class space    used 10427K, committed 10752K, reserved 1048576K
}
Event: 1862.349 GC heap before
{Heap before GC invocations=31 (full 0):
 garbage-first heap   total 65536K, used 58352K [0x00000000a1400000, 0x0000000100000000)
  region size 1024K, 24 young (24576K), 2 survivors (2048K)
 Metaspace       used 76436K, committed 77184K, reserved 1179648K
  class space    used 10435K, committed 10752K, reserved 1048576K
}
Event: 1862.390 GC heap after
{Heap after GC invocations=32 (full 0):
 garbage-first heap   total 65536K, used 36192K [0x00000000a1400000, 0x0000000100000000)
  region size 1024K, 2 young (2048K), 2 survivors (2048K)
 Metaspace       used 76436K, committed 77184K, reserved 1179648K
  class space    used 10435K, committed 10752K, reserved 1048576K
}
Event: 2118.739 GC heap before
{Heap before GC invocations=32 (full 0):
 garbage-first heap   total 65536K, used 58720K [0x00000000a1400000, 0x0000000100000000)
  region size 1024K, 24 young (24576K), 2 survivors (2048K)
 Metaspace       used 76472K, committed 77248K, reserved 1179648K
  class space    used 10435K, committed 10752K, reserved 1048576K
}
Event: 2118.810 GC heap after
{Heap after GC invocations=33 (full 0):
 garbage-first heap   total 65536K, used 36277K [0x00000000a1400000, 0x0000000100000000)
  region size 1024K, 2 young (2048K), 2 survivors (2048K)
 Metaspace       used 76472K, committed 77248K, reserved 1179648K
  class space    used 10435K, committed 10752K, reserved 1048576K
}
Event: 2960.993 GC heap before
{Heap before GC invocations=34 (full 0):
 garbage-first heap   total 65536K, used 57781K [0x00000000a1400000, 0x0000000100000000)
  region size 1024K, 23 young (23552K), 2 survivors (2048K)
 Metaspace       used 76144K, committed 77248K, reserved 1179648K
  class space    used 10344K, committed 10752K, reserved 1048576K
}
Event: 2961.183 GC heap after
{Heap after GC invocations=35 (full 0):
 garbage-first heap   total 65536K, used 36177K [0x00000000a1400000, 0x0000000100000000)
  region size 1024K, 2 young (2048K), 2 survivors (2048K)
 Metaspace       used 76144K, committed 77248K, reserved 1179648K
  class space    used 10344K, committed 10752K, reserved 1048576K
}
Event: 3205.162 GC heap before
{Heap before GC invocations=35 (full 0):
 garbage-first heap   total 65536K, used 57681K [0x00000000a1400000, 0x0000000100000000)
  region size 1024K, 23 young (23552K), 2 survivors (2048K)
 Metaspace       used 76241K, committed 77248K, reserved 1179648K
  class space    used 10344K, committed 10752K, reserved 1048576K
}
Event: 3205.315 GC heap after
{Heap after GC invocations=36 (full 0):
 garbage-first heap   total 65536K, used 33513K [0x00000000a1400000, 0x0000000100000000)
  region size 1024K, 2 young (2048K), 2 survivors (2048K)
 Metaspace       used 76241K, committed 77248K, reserved 1179648K
  class space    used 10344K, committed 10752K, reserved 1048576K
}
Event: 3485.505 GC heap before
{Heap before GC invocations=36 (full 0):
 garbage-first heap   total 65536K, used 58089K [0x00000000a1400000, 0x0000000100000000)
  region size 1024K, 26 young (26624K), 2 survivors (2048K)
 Metaspace       used 76243K, committed 77248K, reserved 1179648K
  class space    used 10344K, committed 10752K, reserved 1048576K
}
Event: 3485.582 GC heap after
{Heap after GC invocations=37 (full 0):
 garbage-first heap   total 65536K, used 32563K [0x00000000a1400000, 0x0000000100000000)
  region size 1024K, 2 young (2048K), 2 survivors (2048K)
 Metaspace       used 76243K, committed 77248K, reserved 1179648K
  class space    used 10344K, committed 10752K, reserved 1048576K
}
Event: 3680.769 GC heap before
{Heap before GC invocations=37 (full 0):
 garbage-first heap   total 65536K, used 52019K [0x00000000a1400000, 0x0000000100000000)
  region size 1024K, 22 young (22528K), 2 survivors (2048K)
 Metaspace       used 76448K, committed 77248K, reserved 1179648K
  class space    used 10389K, committed 10752K, reserved 1048576K
}

